{"/home/ec2-user/environment/cosc6353/project/cosc6353-project/WebServer/AuthMiddleware.js": {"path":"/home/ec2-user/environment/cosc6353/project/cosc6353-project/WebServer/AuthMiddleware.js","statementMap":{"0":{"start":{"line":1,"column":26},"end":{"line":1,"column":62}},"1":{"start":{"line":4,"column":15},"end":{"line":4,"column":17}},"2":{"start":{"line":5,"column":13},"end":{"line":5,"column":35}},"3":{"start":{"line":7,"column":4},"end":{"line":10,"column":7}},"4":{"start":{"line":8,"column":20},"end":{"line":8,"column":37}},"5":{"start":{"line":9,"column":8},"end":{"line":9,"column":61}},"6":{"start":{"line":12,"column":4},"end":{"line":12,"column":16}},"7":{"start":{"line":17,"column":4},"end":{"line":21,"column":5}},"8":{"start":{"line":20,"column":8},"end":{"line":20,"column":39}},"9":{"start":{"line":23,"column":18},"end":{"line":23,"column":33}},"10":{"start":{"line":25,"column":4},"end":{"line":33,"column":15}},"11":{"start":{"line":26,"column":31},"end":{"line":26,"column":56}},"12":{"start":{"line":28,"column":16},"end":{"line":28,"column":23}},"13":{"start":{"line":31,"column":16},"end":{"line":31,"column":32}},"14":{"start":{"line":32,"column":16},"end":{"line":32,"column":43}},"15":{"start":{"line":36,"column":0},"end":{"line":36,"column":29}}},"fnMap":{"0":{"name":"parseCookies","decl":{"start":{"line":3,"column":9},"end":{"line":3,"column":21}},"loc":{"start":{"line":3,"column":32},"end":{"line":13,"column":1}},"line":3},"1":{"name":"(anonymous_1)","decl":{"start":{"line":7,"column":32},"end":{"line":7,"column":33}},"loc":{"start":{"line":7,"column":51},"end":{"line":10,"column":5}},"line":7},"2":{"name":"Authenticate","decl":{"start":{"line":15,"column":15},"end":{"line":15,"column":27}},"loc":{"start":{"line":15,"column":44},"end":{"line":34,"column":1}},"line":15},"3":{"name":"(anonymous_3)","decl":{"start":{"line":26,"column":18},"end":{"line":26,"column":19}},"loc":{"start":{"line":26,"column":31},"end":{"line":26,"column":56}},"line":26},"4":{"name":"(anonymous_4)","decl":{"start":{"line":27,"column":18},"end":{"line":27,"column":19}},"loc":{"start":{"line":27,"column":24},"end":{"line":29,"column":13}},"line":27},"5":{"name":"(anonymous_5)","decl":{"start":{"line":30,"column":19},"end":{"line":30,"column":20}},"loc":{"start":{"line":30,"column":25},"end":{"line":33,"column":13}},"line":30}},"branchMap":{"0":{"loc":{"start":{"line":7,"column":4},"end":{"line":10,"column":6}},"type":"binary-expr","locations":[{"start":{"line":7,"column":4},"end":{"line":7,"column":6}},{"start":{"line":7,"column":10},"end":{"line":10,"column":6}}],"line":7},"1":{"loc":{"start":{"line":17,"column":4},"end":{"line":21,"column":5}},"type":"if","locations":[{"start":{"line":17,"column":4},"end":{"line":21,"column":5}},{"start":{"line":17,"column":4},"end":{"line":21,"column":5}}],"line":17}},"s":{"0":2,"1":0,"2":0,"3":0,"4":0,"5":0,"6":0,"7":2,"8":0,"9":2,"10":2,"11":1,"12":1,"13":1,"14":1,"15":2},"f":{"0":0,"1":0,"2":2,"3":1,"4":1,"5":1},"b":{"0":[0,0],"1":[0,2]},"_coverageSchema":"43e27e138ebf9cfc5966b082cf9a028302ed4184","hash":"fd39383cc50d351baf8b729684ca857f8f8dbd5c"}
,"/home/ec2-user/environment/cosc6353/project/cosc6353-project/WebServer/db-config.js": {"path":"/home/ec2-user/environment/cosc6353/project/cosc6353-project/WebServer/db-config.js","statementMap":{"0":{"start":{"line":3,"column":0},"end":{"line":9,"column":2}}},"fnMap":{},"branchMap":{},"s":{"0":2},"f":{},"b":{},"_coverageSchema":"43e27e138ebf9cfc5966b082cf9a028302ed4184","hash":"14aa61d88d7e7aabbcb4bbb399d22ad12b1ded66"}
,"/home/ec2-user/environment/cosc6353/project/cosc6353-project/WebServer/managers/AccountManager.js": {"path":"/home/ec2-user/environment/cosc6353/project/cosc6353-project/WebServer/managers/AccountManager.js","statementMap":{"0":{"start":{"line":1,"column":13},"end":{"line":1,"column":51}},"1":{"start":{"line":3,"column":15},"end":{"line":3,"column":32}},"2":{"start":{"line":5,"column":20},"end":{"line":5,"column":95}},"3":{"start":{"line":9,"column":4},"end":{"line":9,"column":38}},"4":{"start":{"line":13,"column":4},"end":{"line":13,"column":32}},"5":{"start":{"line":14,"column":17},"end":{"line":14,"column":44}},"6":{"start":{"line":15,"column":4},"end":{"line":15,"column":38}},"7":{"start":{"line":16,"column":4},"end":{"line":16,"column":60}},"8":{"start":{"line":20,"column":17},"end":{"line":20,"column":44}},"9":{"start":{"line":21,"column":4},"end":{"line":21,"column":52}},"10":{"start":{"line":22,"column":4},"end":{"line":22,"column":49}},"11":{"start":{"line":27,"column":19},"end":{"line":27,"column":61}},"12":{"start":{"line":28,"column":20},"end":{"line":31,"column":6}},"13":{"start":{"line":32,"column":20},"end":{"line":32,"column":57}},"14":{"start":{"line":33,"column":4},"end":{"line":33,"column":37}},"15":{"start":{"line":34,"column":14},"end":{"line":34,"column":55}},"16":{"start":{"line":35,"column":4},"end":{"line":35,"column":30}},"17":{"start":{"line":39,"column":20},"end":{"line":39,"column":24}},"18":{"start":{"line":40,"column":4},"end":{"line":49,"column":5}},"19":{"start":{"line":41,"column":25},"end":{"line":41,"column":69}},"20":{"start":{"line":42,"column":24},"end":{"line":42,"column":95}},"21":{"start":{"line":44,"column":8},"end":{"line":44,"column":44}},"22":{"start":{"line":45,"column":8},"end":{"line":45,"column":42}},"23":{"start":{"line":46,"column":8},"end":{"line":46,"column":52}},"24":{"start":{"line":48,"column":8},"end":{"line":48,"column":47}},"25":{"start":{"line":52,"column":0},"end":{"line":52,"column":81}}},"fnMap":{"0":{"name":"GetAccount","decl":{"start":{"line":8,"column":9},"end":{"line":8,"column":19}},"loc":{"start":{"line":8,"column":30},"end":{"line":10,"column":1}},"line":8},"1":{"name":"CreateAccount","decl":{"start":{"line":12,"column":9},"end":{"line":12,"column":22}},"loc":{"start":{"line":12,"column":39},"end":{"line":17,"column":1}},"line":12},"2":{"name":"LogIn","decl":{"start":{"line":19,"column":9},"end":{"line":19,"column":14}},"loc":{"start":{"line":19,"column":31},"end":{"line":23,"column":1}},"line":19},"3":{"name":"CreateToken","decl":{"start":{"line":25,"column":9},"end":{"line":25,"column":20}},"loc":{"start":{"line":25,"column":31},"end":{"line":36,"column":1}},"line":25},"4":{"name":"ValidateToken","decl":{"start":{"line":38,"column":9},"end":{"line":38,"column":22}},"loc":{"start":{"line":38,"column":29},"end":{"line":50,"column":1}},"line":38}},"branchMap":{},"s":{"0":2,"1":2,"2":2,"3":1,"4":1,"5":1,"6":1,"7":1,"8":2,"9":2,"10":2,"11":1,"12":1,"13":1,"14":1,"15":1,"16":1,"17":3,"18":3,"19":3,"20":3,"21":1,"22":1,"23":1,"24":2,"25":2},"f":{"0":1,"1":1,"2":2,"3":1,"4":3},"b":{},"_coverageSchema":"43e27e138ebf9cfc5966b082cf9a028302ed4184","hash":"259cd9e21c8b5c389841af23729c55558e353f1a"}
,"/home/ec2-user/environment/cosc6353/project/cosc6353-project/WebServer/managers/PricingModule.js": {"path":"/home/ec2-user/environment/cosc6353/project/cosc6353-project/WebServer/managers/PricingModule.js","statementMap":{"0":{"start":{"line":1,"column":18},"end":{"line":1,"column":54}},"1":{"start":{"line":2,"column":20},"end":{"line":2,"column":58}},"2":{"start":{"line":3,"column":17},"end":{"line":3,"column":39}},"3":{"start":{"line":5,"column":30},"end":{"line":5,"column":33}},"4":{"start":{"line":6,"column":26},"end":{"line":6,"column":29}},"5":{"start":{"line":7,"column":27},"end":{"line":7,"column":30}},"6":{"start":{"line":8,"column":31},"end":{"line":8,"column":33}},"7":{"start":{"line":9,"column":36},"end":{"line":9,"column":39}},"8":{"start":{"line":11,"column":28},"end":{"line":11,"column":31}},"9":{"start":{"line":12,"column":28},"end":{"line":12,"column":31}},"10":{"start":{"line":14,"column":28},"end":{"line":14,"column":30}},"11":{"start":{"line":15,"column":25},"end":{"line":15,"column":28}},"12":{"start":{"line":16,"column":28},"end":{"line":16,"column":31}},"13":{"start":{"line":18,"column":21},"end":{"line":18,"column":28}},"14":{"start":{"line":22,"column":23},"end":{"line":22,"column":63}},"15":{"start":{"line":23,"column":20},"end":{"line":23,"column":59}},"16":{"start":{"line":25,"column":27},"end":{"line":25,"column":90}},"17":{"start":{"line":26,"column":30},"end":{"line":26,"column":101}},"18":{"start":{"line":27,"column":35},"end":{"line":27,"column":115}},"19":{"start":{"line":28,"column":34},"end":{"line":28,"column":152}},"20":{"start":{"line":29,"column":19},"end":{"line":29,"column":150}},"21":{"start":{"line":31,"column":4},"end":{"line":31,"column":61}},"22":{"start":{"line":34,"column":0},"end":{"line":34,"column":32}}},"fnMap":{"0":{"name":"PredictPrice","decl":{"start":{"line":20,"column":15},"end":{"line":20,"column":27}},"loc":{"start":{"line":20,"column":52},"end":{"line":32,"column":1}},"line":20}},"branchMap":{"0":{"loc":{"start":{"line":25,"column":27},"end":{"line":25,"column":90}},"type":"cond-expr","locations":[{"start":{"line":25,"column":52},"end":{"line":25,"column":69}},{"start":{"line":25,"column":72},"end":{"line":25,"column":90}}],"line":25},"1":{"loc":{"start":{"line":26,"column":30},"end":{"line":26,"column":101}},"type":"cond-expr","locations":[{"start":{"line":26,"column":49},"end":{"line":26,"column":71}},{"start":{"line":26,"column":74},"end":{"line":26,"column":101}}],"line":26},"2":{"loc":{"start":{"line":27,"column":35},"end":{"line":27,"column":115}},"type":"cond-expr","locations":[{"start":{"line":27,"column":74},"end":{"line":27,"column":93}},{"start":{"line":27,"column":96},"end":{"line":27,"column":115}}],"line":27},"3":{"loc":{"start":{"line":28,"column":34},"end":{"line":28,"column":152}},"type":"cond-expr","locations":[{"start":{"line":28,"column":114},"end":{"line":28,"column":130}},{"start":{"line":28,"column":133},"end":{"line":28,"column":152}}],"line":28}},"s":{"0":1,"1":1,"2":1,"3":1,"4":1,"5":1,"6":1,"7":1,"8":1,"9":1,"10":1,"11":1,"12":1,"13":1,"14":16,"15":16,"16":16,"17":16,"18":16,"19":16,"20":16,"21":16,"22":1},"f":{"0":16},"b":{"0":[15,1],"1":[15,1],"2":[1,15],"3":[1,15]},"_coverageSchema":"43e27e138ebf9cfc5966b082cf9a028302ed4184","hash":"bf9e1b86436784c0ae9f62f0267d1db60a32ae2f"}
,"/home/ec2-user/environment/cosc6353/project/cosc6353-project/WebServer/managers/QuoteManager.js": {"path":"/home/ec2-user/environment/cosc6353/project/cosc6353-project/WebServer/managers/QuoteManager.js","statementMap":{"0":{"start":{"line":2,"column":35},"end":{"line":2,"column":71}},"1":{"start":{"line":3,"column":25},"end":{"line":3,"column":51}},"2":{"start":{"line":5,"column":21},"end":{"line":5,"column":59}},"3":{"start":{"line":10,"column":25},"end":{"line":10,"column":35}},"4":{"start":{"line":13,"column":4},"end":{"line":13,"column":61}},"5":{"start":{"line":14,"column":4},"end":{"line":14,"column":56}},"6":{"start":{"line":16,"column":4},"end":{"line":16,"column":52}},"7":{"start":{"line":21,"column":20},"end":{"line":21,"column":47}},"8":{"start":{"line":22,"column":18},"end":{"line":22,"column":61}},"9":{"start":{"line":24,"column":27},"end":{"line":24,"column":44}},"10":{"start":{"line":25,"column":4},"end":{"line":25,"column":28}},"11":{"start":{"line":27,"column":4},"end":{"line":27,"column":42}},"12":{"start":{"line":28,"column":4},"end":{"line":28,"column":45}},"13":{"start":{"line":30,"column":4},"end":{"line":30,"column":32}},"14":{"start":{"line":32,"column":4},"end":{"line":32,"column":56}},"15":{"start":{"line":35,"column":0},"end":{"line":35,"column":50}}},"fnMap":{"0":{"name":"GetQuoteHistory","decl":{"start":{"line":7,"column":15},"end":{"line":7,"column":30}},"loc":{"start":{"line":7,"column":48},"end":{"line":17,"column":1}},"line":7},"1":{"name":"CreateQuote","decl":{"start":{"line":19,"column":15},"end":{"line":19,"column":26}},"loc":{"start":{"line":19,"column":51},"end":{"line":33,"column":1}},"line":19}},"branchMap":{"0":{"loc":{"start":{"line":13,"column":31},"end":{"line":13,"column":60}},"type":"binary-expr","locations":[{"start":{"line":13,"column":31},"end":{"line":13,"column":55}},{"start":{"line":13,"column":59},"end":{"line":13,"column":60}}],"line":13},"1":{"loc":{"start":{"line":14,"column":28},"end":{"line":14,"column":55}},"type":"binary-expr","locations":[{"start":{"line":14,"column":28},"end":{"line":14,"column":49}},{"start":{"line":14,"column":53},"end":{"line":14,"column":55}}],"line":14}},"s":{"0":1,"1":1,"2":1,"3":2,"4":2,"5":2,"6":2,"7":1,"8":0,"9":0,"10":0,"11":0,"12":0,"13":0,"14":0,"15":1},"f":{"0":2,"1":1},"b":{"0":[2,1],"1":[2,1]},"_coverageSchema":"43e27e138ebf9cfc5966b082cf9a028302ed4184","hash":"2e9529b458518e12b129b0ab8b70515842945e48"}
,"/home/ec2-user/environment/cosc6353/project/cosc6353-project/WebServer/repositories/AccountRepo.js": {"path":"/home/ec2-user/environment/cosc6353/project/cosc6353-project/WebServer/repositories/AccountRepo.js","statementMap":{"0":{"start":{"line":1,"column":28},"end":{"line":1,"column":52}},"1":{"start":{"line":5,"column":4},"end":{"line":11,"column":11}},"2":{"start":{"line":7,"column":12},"end":{"line":9,"column":13}},"3":{"start":{"line":8,"column":16},"end":{"line":8,"column":53}},"4":{"start":{"line":10,"column":12},"end":{"line":10,"column":67}},"5":{"start":{"line":17,"column":4},"end":{"line":23,"column":11}},"6":{"start":{"line":19,"column":12},"end":{"line":21,"column":13}},"7":{"start":{"line":20,"column":16},"end":{"line":20,"column":53}},"8":{"start":{"line":22,"column":12},"end":{"line":22,"column":67}},"9":{"start":{"line":28,"column":23},"end":{"line":34,"column":13}},"10":{"start":{"line":36,"column":4},"end":{"line":44,"column":74}},"11":{"start":{"line":38,"column":12},"end":{"line":40,"column":13}},"12":{"start":{"line":39,"column":16},"end":{"line":39,"column":72}},"13":{"start":{"line":41,"column":12},"end":{"line":41,"column":30}},"14":{"start":{"line":44,"column":24},"end":{"line":44,"column":71}},"15":{"start":{"line":48,"column":0},"end":{"line":48,"column":64}}},"fnMap":{"0":{"name":"Authenticate","decl":{"start":{"line":3,"column":9},"end":{"line":3,"column":21}},"loc":{"start":{"line":3,"column":27},"end":{"line":12,"column":1}},"line":3},"1":{"name":"(anonymous_1)","decl":{"start":{"line":6,"column":14},"end":{"line":6,"column":15}},"loc":{"start":{"line":6,"column":23},"end":{"line":11,"column":9}},"line":6},"2":{"name":"GetAccount","decl":{"start":{"line":15,"column":9},"end":{"line":15,"column":19}},"loc":{"start":{"line":15,"column":30},"end":{"line":24,"column":1}},"line":15},"3":{"name":"(anonymous_3)","decl":{"start":{"line":18,"column":14},"end":{"line":18,"column":15}},"loc":{"start":{"line":18,"column":23},"end":{"line":23,"column":9}},"line":18},"4":{"name":"CreateNewAccount","decl":{"start":{"line":26,"column":9},"end":{"line":26,"column":25}},"loc":{"start":{"line":26,"column":38},"end":{"line":45,"column":1}},"line":26},"5":{"name":"(anonymous_5)","decl":{"start":{"line":37,"column":14},"end":{"line":37,"column":15}},"loc":{"start":{"line":37,"column":23},"end":{"line":42,"column":9}},"line":37},"6":{"name":"(anonymous_6)","decl":{"start":{"line":44,"column":14},"end":{"line":44,"column":15}},"loc":{"start":{"line":44,"column":24},"end":{"line":44,"column":71}},"line":44}},"branchMap":{"0":{"loc":{"start":{"line":7,"column":12},"end":{"line":9,"column":13}},"type":"if","locations":[{"start":{"line":7,"column":12},"end":{"line":9,"column":13}},{"start":{"line":7,"column":12},"end":{"line":9,"column":13}}],"line":7},"1":{"loc":{"start":{"line":19,"column":12},"end":{"line":21,"column":13}},"type":"if","locations":[{"start":{"line":19,"column":12},"end":{"line":21,"column":13}},{"start":{"line":19,"column":12},"end":{"line":21,"column":13}}],"line":19},"2":{"loc":{"start":{"line":38,"column":12},"end":{"line":40,"column":13}},"type":"if","locations":[{"start":{"line":38,"column":12},"end":{"line":40,"column":13}},{"start":{"line":38,"column":12},"end":{"line":40,"column":13}}],"line":38}},"s":{"0":1,"1":0,"2":0,"3":0,"4":0,"5":0,"6":0,"7":0,"8":0,"9":0,"10":0,"11":0,"12":0,"13":0,"14":0,"15":1},"f":{"0":0,"1":0,"2":0,"3":0,"4":0,"5":0,"6":0},"b":{"0":[0,0],"1":[0,0],"2":[0,0]},"_coverageSchema":"43e27e138ebf9cfc5966b082cf9a028302ed4184","hash":"889a35797a03f4e696761afcc07c597fc3be6128"}
,"/home/ec2-user/environment/cosc6353/project/cosc6353-project/WebServer/repositories/ProfileRepo.js": {"path":"/home/ec2-user/environment/cosc6353/project/cosc6353-project/WebServer/repositories/ProfileRepo.js","statementMap":{"0":{"start":{"line":1,"column":36},"end":{"line":1,"column":60}},"1":{"start":{"line":5,"column":4},"end":{"line":11,"column":11}},"2":{"start":{"line":7,"column":12},"end":{"line":9,"column":13}},"3":{"start":{"line":8,"column":16},"end":{"line":8,"column":55}},"4":{"start":{"line":10,"column":12},"end":{"line":10,"column":35}},"5":{"start":{"line":15,"column":4},"end":{"line":15,"column":25}},"6":{"start":{"line":16,"column":4},"end":{"line":17,"column":45}},"7":{"start":{"line":17,"column":28},"end":{"line":17,"column":43}},"8":{"start":{"line":20,"column":0},"end":{"line":20,"column":45}}},"fnMap":{"0":{"name":"GetProfile","decl":{"start":{"line":3,"column":9},"end":{"line":3,"column":19}},"loc":{"start":{"line":3,"column":30},"end":{"line":12,"column":1}},"line":3},"1":{"name":"(anonymous_1)","decl":{"start":{"line":6,"column":14},"end":{"line":6,"column":15}},"loc":{"start":{"line":6,"column":23},"end":{"line":11,"column":9}},"line":6},"2":{"name":"UpdateProfile","decl":{"start":{"line":14,"column":9},"end":{"line":14,"column":22}},"loc":{"start":{"line":14,"column":42},"end":{"line":18,"column":1}},"line":14},"3":{"name":"(anonymous_3)","decl":{"start":{"line":17,"column":18},"end":{"line":17,"column":19}},"loc":{"start":{"line":17,"column":28},"end":{"line":17,"column":43}},"line":17}},"branchMap":{"0":{"loc":{"start":{"line":7,"column":12},"end":{"line":9,"column":13}},"type":"if","locations":[{"start":{"line":7,"column":12},"end":{"line":9,"column":13}},{"start":{"line":7,"column":12},"end":{"line":9,"column":13}}],"line":7},"1":{"loc":{"start":{"line":7,"column":16},"end":{"line":7,"column":44}},"type":"binary-expr","locations":[{"start":{"line":7,"column":16},"end":{"line":7,"column":24}},{"start":{"line":7,"column":28},"end":{"line":7,"column":44}}],"line":7}},"s":{"0":1,"1":1,"2":0,"3":0,"4":0,"5":0,"6":0,"7":0,"8":1},"f":{"0":1,"1":0,"2":0,"3":0},"b":{"0":[0,0],"1":[0,0]},"_coverageSchema":"43e27e138ebf9cfc5966b082cf9a028302ed4184","hash":"0e597b827c24b1f2df5c73605dd2e61f3b5d9790"}
,"/home/ec2-user/environment/cosc6353/project/cosc6353-project/WebServer/repositories/dbHelper.js": {"path":"/home/ec2-user/environment/cosc6353/project/cosc6353-project/WebServer/repositories/dbHelper.js","statementMap":{"0":{"start":{"line":1,"column":15},"end":{"line":1,"column":41}},"1":{"start":{"line":2,"column":34},"end":{"line":2,"column":52}},"2":{"start":{"line":5,"column":17},"end":{"line":5,"column":52}},"3":{"start":{"line":6,"column":21},"end":{"line":6,"column":56}},"4":{"start":{"line":7,"column":26},"end":{"line":7,"column":35}},"5":{"start":{"line":10,"column":14},"end":{"line":10,"column":121}},"6":{"start":{"line":11,"column":4},"end":{"line":11,"column":15}},"7":{"start":{"line":15,"column":16},"end":{"line":15,"column":24}},"8":{"start":{"line":17,"column":4},"end":{"line":40,"column":7}},"9":{"start":{"line":19,"column":8},"end":{"line":39,"column":11}},"10":{"start":{"line":20,"column":12},"end":{"line":24,"column":13}},"11":{"start":{"line":21,"column":16},"end":{"line":21,"column":31}},"12":{"start":{"line":22,"column":16},"end":{"line":22,"column":28}},"13":{"start":{"line":23,"column":16},"end":{"line":23,"column":23}},"14":{"start":{"line":26,"column":23},"end":{"line":26,"column":45}},"15":{"start":{"line":28,"column":29},"end":{"line":28,"column":54}},"16":{"start":{"line":29,"column":12},"end":{"line":37,"column":15}},"17":{"start":{"line":30,"column":16},"end":{"line":34,"column":17}},"18":{"start":{"line":31,"column":20},"end":{"line":31,"column":35}},"19":{"start":{"line":32,"column":20},"end":{"line":32,"column":32}},"20":{"start":{"line":33,"column":20},"end":{"line":33,"column":27}},"21":{"start":{"line":35,"column":16},"end":{"line":35,"column":31}},"22":{"start":{"line":36,"column":16},"end":{"line":36,"column":32}},"23":{"start":{"line":44,"column":16},"end":{"line":44,"column":24}},"24":{"start":{"line":46,"column":4},"end":{"line":68,"column":7}},"25":{"start":{"line":48,"column":8},"end":{"line":67,"column":11}},"26":{"start":{"line":49,"column":12},"end":{"line":53,"column":13}},"27":{"start":{"line":50,"column":16},"end":{"line":50,"column":31}},"28":{"start":{"line":51,"column":16},"end":{"line":51,"column":28}},"29":{"start":{"line":52,"column":16},"end":{"line":52,"column":23}},"30":{"start":{"line":55,"column":23},"end":{"line":55,"column":45}},"31":{"start":{"line":56,"column":29},"end":{"line":56,"column":54}},"32":{"start":{"line":57,"column":12},"end":{"line":65,"column":15}},"33":{"start":{"line":58,"column":16},"end":{"line":62,"column":17}},"34":{"start":{"line":59,"column":20},"end":{"line":59,"column":35}},"35":{"start":{"line":60,"column":20},"end":{"line":60,"column":32}},"36":{"start":{"line":61,"column":20},"end":{"line":61,"column":27}},"37":{"start":{"line":63,"column":16},"end":{"line":63,"column":31}},"38":{"start":{"line":64,"column":16},"end":{"line":64,"column":32}},"39":{"start":{"line":72,"column":16},"end":{"line":72,"column":24}},"40":{"start":{"line":74,"column":4},"end":{"line":106,"column":7}},"41":{"start":{"line":76,"column":8},"end":{"line":105,"column":11}},"42":{"start":{"line":77,"column":12},"end":{"line":81,"column":13}},"43":{"start":{"line":78,"column":16},"end":{"line":78,"column":31}},"44":{"start":{"line":79,"column":16},"end":{"line":79,"column":28}},"45":{"start":{"line":80,"column":16},"end":{"line":80,"column":23}},"46":{"start":{"line":83,"column":23},"end":{"line":83,"column":45}},"47":{"start":{"line":84,"column":29},"end":{"line":84,"column":54}},"48":{"start":{"line":86,"column":12},"end":{"line":103,"column":15}},"49":{"start":{"line":87,"column":16},"end":{"line":91,"column":17}},"50":{"start":{"line":88,"column":20},"end":{"line":88,"column":35}},"51":{"start":{"line":89,"column":20},"end":{"line":89,"column":32}},"52":{"start":{"line":90,"column":20},"end":{"line":90,"column":27}},"53":{"start":{"line":93,"column":16},"end":{"line":101,"column":19}},"54":{"start":{"line":94,"column":20},"end":{"line":98,"column":21}},"55":{"start":{"line":95,"column":24},"end":{"line":95,"column":39}},"56":{"start":{"line":96,"column":24},"end":{"line":96,"column":36}},"57":{"start":{"line":97,"column":24},"end":{"line":97,"column":31}},"58":{"start":{"line":99,"column":20},"end":{"line":99,"column":35}},"59":{"start":{"line":100,"column":20},"end":{"line":100,"column":37}},"60":{"start":{"line":109,"column":0},"end":{"line":109,"column":55}}},"fnMap":{"0":{"name":"getUri","decl":{"start":{"line":4,"column":9},"end":{"line":4,"column":15}},"loc":{"start":{"line":4,"column":17},"end":{"line":12,"column":1}},"line":4},"1":{"name":"FindOne","decl":{"start":{"line":14,"column":9},"end":{"line":14,"column":16}},"loc":{"start":{"line":14,"column":32},"end":{"line":41,"column":1}},"line":14},"2":{"name":"(anonymous_2)","decl":{"start":{"line":17,"column":23},"end":{"line":17,"column":24}},"loc":{"start":{"line":17,"column":42},"end":{"line":40,"column":5}},"line":17},"3":{"name":"(anonymous_3)","decl":{"start":{"line":19,"column":59},"end":{"line":19,"column":60}},"loc":{"start":{"line":19,"column":81},"end":{"line":39,"column":9}},"line":19},"4":{"name":"(anonymous_4)","decl":{"start":{"line":29,"column":51},"end":{"line":29,"column":52}},"loc":{"start":{"line":29,"column":66},"end":{"line":37,"column":13}},"line":29},"5":{"name":"Insert","decl":{"start":{"line":43,"column":9},"end":{"line":43,"column":15}},"loc":{"start":{"line":43,"column":20},"end":{"line":69,"column":1}},"line":43},"6":{"name":"(anonymous_6)","decl":{"start":{"line":46,"column":23},"end":{"line":46,"column":24}},"loc":{"start":{"line":46,"column":42},"end":{"line":68,"column":5}},"line":46},"7":{"name":"(anonymous_7)","decl":{"start":{"line":48,"column":59},"end":{"line":48,"column":60}},"loc":{"start":{"line":48,"column":81},"end":{"line":67,"column":9}},"line":48},"8":{"name":"(anonymous_8)","decl":{"start":{"line":57,"column":33},"end":{"line":57,"column":34}},"loc":{"start":{"line":57,"column":48},"end":{"line":65,"column":13}},"line":57},"9":{"name":"Update","decl":{"start":{"line":71,"column":9},"end":{"line":71,"column":15}},"loc":{"start":{"line":71,"column":27},"end":{"line":107,"column":1}},"line":71},"10":{"name":"(anonymous_10)","decl":{"start":{"line":74,"column":23},"end":{"line":74,"column":24}},"loc":{"start":{"line":74,"column":42},"end":{"line":106,"column":5}},"line":74},"11":{"name":"(anonymous_11)","decl":{"start":{"line":76,"column":59},"end":{"line":76,"column":60}},"loc":{"start":{"line":76,"column":81},"end":{"line":105,"column":9}},"line":76},"12":{"name":"(anonymous_12)","decl":{"start":{"line":86,"column":43},"end":{"line":86,"column":44}},"loc":{"start":{"line":86,"column":58},"end":{"line":103,"column":13}},"line":86},"13":{"name":"(anonymous_13)","decl":{"start":{"line":93,"column":40},"end":{"line":93,"column":41}},"loc":{"start":{"line":93,"column":56},"end":{"line":101,"column":17}},"line":93}},"branchMap":{"0":{"loc":{"start":{"line":20,"column":12},"end":{"line":24,"column":13}},"type":"if","locations":[{"start":{"line":20,"column":12},"end":{"line":24,"column":13}},{"start":{"line":20,"column":12},"end":{"line":24,"column":13}}],"line":20},"1":{"loc":{"start":{"line":29,"column":36},"end":{"line":29,"column":49}},"type":"binary-expr","locations":[{"start":{"line":29,"column":36},"end":{"line":29,"column":43}},{"start":{"line":29,"column":47},"end":{"line":29,"column":49}}],"line":29},"2":{"loc":{"start":{"line":30,"column":16},"end":{"line":34,"column":17}},"type":"if","locations":[{"start":{"line":30,"column":16},"end":{"line":34,"column":17}},{"start":{"line":30,"column":16},"end":{"line":34,"column":17}}],"line":30},"3":{"loc":{"start":{"line":49,"column":12},"end":{"line":53,"column":13}},"type":"if","locations":[{"start":{"line":49,"column":12},"end":{"line":53,"column":13}},{"start":{"line":49,"column":12},"end":{"line":53,"column":13}}],"line":49},"4":{"loc":{"start":{"line":58,"column":16},"end":{"line":62,"column":17}},"type":"if","locations":[{"start":{"line":58,"column":16},"end":{"line":62,"column":17}},{"start":{"line":58,"column":16},"end":{"line":62,"column":17}}],"line":58},"5":{"loc":{"start":{"line":77,"column":12},"end":{"line":81,"column":13}},"type":"if","locations":[{"start":{"line":77,"column":12},"end":{"line":81,"column":13}},{"start":{"line":77,"column":12},"end":{"line":81,"column":13}}],"line":77},"6":{"loc":{"start":{"line":87,"column":16},"end":{"line":91,"column":17}},"type":"if","locations":[{"start":{"line":87,"column":16},"end":{"line":91,"column":17}},{"start":{"line":87,"column":16},"end":{"line":91,"column":17}}],"line":87},"7":{"loc":{"start":{"line":94,"column":20},"end":{"line":98,"column":21}},"type":"if","locations":[{"start":{"line":94,"column":20},"end":{"line":98,"column":21}},{"start":{"line":94,"column":20},"end":{"line":98,"column":21}}],"line":94}},"s":{"0":2,"1":2,"2":0,"3":0,"4":0,"5":0,"6":0,"7":0,"8":0,"9":0,"10":0,"11":0,"12":0,"13":0,"14":0,"15":0,"16":0,"17":0,"18":0,"19":0,"20":0,"21":0,"22":0,"23":0,"24":0,"25":0,"26":0,"27":0,"28":0,"29":0,"30":0,"31":0,"32":0,"33":0,"34":0,"35":0,"36":0,"37":0,"38":0,"39":0,"40":0,"41":0,"42":0,"43":0,"44":0,"45":0,"46":0,"47":0,"48":0,"49":0,"50":0,"51":0,"52":0,"53":0,"54":0,"55":0,"56":0,"57":0,"58":0,"59":0,"60":2},"f":{"0":0,"1":0,"2":0,"3":0,"4":0,"5":0,"6":0,"7":0,"8":0,"9":0,"10":0,"11":0,"12":0,"13":0},"b":{"0":[0,0],"1":[0,0],"2":[0,0],"3":[0,0],"4":[0,0],"5":[0,0],"6":[0,0],"7":[0,0]},"_coverageSchema":"43e27e138ebf9cfc5966b082cf9a028302ed4184","hash":"968d1d77ddb768881019187d7f91c045586b99e5"}
,"/home/ec2-user/environment/cosc6353/project/cosc6353-project/WebServer/routes/Account.js": {"path":"/home/ec2-user/environment/cosc6353/project/cosc6353-project/WebServer/routes/Account.js","statementMap":{"0":{"start":{"line":1,"column":16},"end":{"line":1,"column":34}},"1":{"start":{"line":2,"column":15},"end":{"line":2,"column":31}},"2":{"start":{"line":3,"column":21},"end":{"line":3,"column":49}},"3":{"start":{"line":4,"column":24},"end":{"line":4,"column":58}},"4":{"start":{"line":5,"column":24},"end":{"line":5,"column":62}},"5":{"start":{"line":6,"column":57},"end":{"line":6,"column":94}},"6":{"start":{"line":9,"column":0},"end":{"line":20,"column":3}},"7":{"start":{"line":10,"column":20},"end":{"line":10,"column":33}},"8":{"start":{"line":12,"column":2},"end":{"line":19,"column":7}},"9":{"start":{"line":14,"column":6},"end":{"line":14,"column":24}},"10":{"start":{"line":17,"column":6},"end":{"line":17,"column":22}},"11":{"start":{"line":18,"column":6},"end":{"line":18,"column":29}},"12":{"start":{"line":23,"column":0},"end":{"line":44,"column":3}},"13":{"start":{"line":25,"column":24},"end":{"line":25,"column":58}},"14":{"start":{"line":27,"column":2},"end":{"line":31,"column":3}},"15":{"start":{"line":28,"column":4},"end":{"line":28,"column":20}},"16":{"start":{"line":29,"column":4},"end":{"line":29,"column":28}},"17":{"start":{"line":30,"column":4},"end":{"line":30,"column":11}},"18":{"start":{"line":33,"column":16},"end":{"line":33,"column":30}},"19":{"start":{"line":34,"column":19},"end":{"line":34,"column":36}},"20":{"start":{"line":36,"column":2},"end":{"line":43,"column":7}},"21":{"start":{"line":38,"column":6},"end":{"line":38,"column":27}},"22":{"start":{"line":41,"column":6},"end":{"line":41,"column":22}},"23":{"start":{"line":42,"column":6},"end":{"line":42,"column":29}},"24":{"start":{"line":47,"column":0},"end":{"line":64,"column":3}},"25":{"start":{"line":49,"column":16},"end":{"line":49,"column":30}},"26":{"start":{"line":50,"column":19},"end":{"line":50,"column":36}},"27":{"start":{"line":51,"column":2},"end":{"line":62,"column":7}},"28":{"start":{"line":52,"column":21},"end":{"line":52,"column":44}},"29":{"start":{"line":54,"column":8},"end":{"line":54,"column":78}},"30":{"start":{"line":55,"column":8},"end":{"line":55,"column":77}},"31":{"start":{"line":56,"column":8},"end":{"line":56,"column":21}},"32":{"start":{"line":59,"column":6},"end":{"line":59,"column":32}},"33":{"start":{"line":60,"column":6},"end":{"line":60,"column":22}},"34":{"start":{"line":61,"column":6},"end":{"line":61,"column":29}},"35":{"start":{"line":67,"column":0},"end":{"line":71,"column":3}},"36":{"start":{"line":68,"column":2},"end":{"line":68,"column":26}},"37":{"start":{"line":69,"column":2},"end":{"line":69,"column":28}},"38":{"start":{"line":70,"column":2},"end":{"line":70,"column":15}},"39":{"start":{"line":73,"column":0},"end":{"line":73,"column":24}}},"fnMap":{"0":{"name":"(anonymous_0)","decl":{"start":{"line":9,"column":30},"end":{"line":9,"column":31}},"loc":{"start":{"line":9,"column":49},"end":{"line":20,"column":1}},"line":9},"1":{"name":"(anonymous_1)","decl":{"start":{"line":13,"column":10},"end":{"line":13,"column":11}},"loc":{"start":{"line":13,"column":22},"end":{"line":15,"column":5}},"line":13},"2":{"name":"(anonymous_2)","decl":{"start":{"line":16,"column":11},"end":{"line":16,"column":12}},"loc":{"start":{"line":16,"column":25},"end":{"line":19,"column":5}},"line":16},"3":{"name":"(anonymous_3)","decl":{"start":{"line":23,"column":17},"end":{"line":23,"column":18}},"loc":{"start":{"line":23,"column":36},"end":{"line":44,"column":1}},"line":23},"4":{"name":"(anonymous_4)","decl":{"start":{"line":37,"column":10},"end":{"line":37,"column":11}},"loc":{"start":{"line":37,"column":25},"end":{"line":39,"column":5}},"line":37},"5":{"name":"(anonymous_5)","decl":{"start":{"line":40,"column":11},"end":{"line":40,"column":12}},"loc":{"start":{"line":40,"column":27},"end":{"line":43,"column":5}},"line":40},"6":{"name":"(anonymous_6)","decl":{"start":{"line":47,"column":22},"end":{"line":47,"column":23}},"loc":{"start":{"line":47,"column":41},"end":{"line":64,"column":1}},"line":47},"7":{"name":"(anonymous_7)","decl":{"start":{"line":52,"column":10},"end":{"line":52,"column":11}},"loc":{"start":{"line":52,"column":21},"end":{"line":52,"column":44}},"line":52},"8":{"name":"(anonymous_8)","decl":{"start":{"line":53,"column":10},"end":{"line":53,"column":11}},"loc":{"start":{"line":53,"column":18},"end":{"line":57,"column":7}},"line":53},"9":{"name":"(anonymous_9)","decl":{"start":{"line":58,"column":11},"end":{"line":58,"column":12}},"loc":{"start":{"line":58,"column":26},"end":{"line":62,"column":5}},"line":58},"10":{"name":"(anonymous_10)","decl":{"start":{"line":67,"column":24},"end":{"line":67,"column":25}},"loc":{"start":{"line":67,"column":43},"end":{"line":71,"column":1}},"line":67}},"branchMap":{"0":{"loc":{"start":{"line":27,"column":2},"end":{"line":31,"column":3}},"type":"if","locations":[{"start":{"line":27,"column":2},"end":{"line":31,"column":3}},{"start":{"line":27,"column":2},"end":{"line":31,"column":3}}],"line":27}},"s":{"0":1,"1":1,"2":1,"3":1,"4":1,"5":1,"6":1,"7":0,"8":0,"9":0,"10":0,"11":0,"12":1,"13":0,"14":0,"15":0,"16":0,"17":0,"18":0,"19":0,"20":0,"21":0,"22":0,"23":0,"24":1,"25":0,"26":0,"27":0,"28":0,"29":0,"30":0,"31":0,"32":0,"33":0,"34":0,"35":1,"36":0,"37":0,"38":0,"39":1},"f":{"0":0,"1":0,"2":0,"3":0,"4":0,"5":0,"6":0,"7":0,"8":0,"9":0,"10":0},"b":{"0":[0,0]},"_coverageSchema":"43e27e138ebf9cfc5966b082cf9a028302ed4184","hash":"dafd4a6d12e5b58719aefefa2ef7ef18b0b566be"}
}
