{"/home/ec2-user/environment/cosc6353/project/cosc6353-project/WebServer/AuthMiddleware.js": {"path":"/home/ec2-user/environment/cosc6353/project/cosc6353-project/WebServer/AuthMiddleware.js","statementMap":{"0":{"start":{"line":1,"column":26},"end":{"line":1,"column":62}},"1":{"start":{"line":4,"column":15},"end":{"line":4,"column":17}},"2":{"start":{"line":5,"column":13},"end":{"line":5,"column":35}},"3":{"start":{"line":7,"column":4},"end":{"line":10,"column":7}},"4":{"start":{"line":8,"column":20},"end":{"line":8,"column":37}},"5":{"start":{"line":9,"column":8},"end":{"line":9,"column":61}},"6":{"start":{"line":12,"column":4},"end":{"line":12,"column":16}},"7":{"start":{"line":17,"column":4},"end":{"line":21,"column":5}},"8":{"start":{"line":20,"column":8},"end":{"line":20,"column":39}},"9":{"start":{"line":23,"column":18},"end":{"line":23,"column":33}},"10":{"start":{"line":25,"column":4},"end":{"line":33,"column":15}},"11":{"start":{"line":26,"column":31},"end":{"line":26,"column":56}},"12":{"start":{"line":28,"column":16},"end":{"line":28,"column":23}},"13":{"start":{"line":31,"column":16},"end":{"line":31,"column":32}},"14":{"start":{"line":32,"column":16},"end":{"line":32,"column":43}},"15":{"start":{"line":36,"column":0},"end":{"line":36,"column":29}}},"fnMap":{"0":{"name":"parseCookies","decl":{"start":{"line":3,"column":9},"end":{"line":3,"column":21}},"loc":{"start":{"line":3,"column":32},"end":{"line":13,"column":1}},"line":3},"1":{"name":"(anonymous_1)","decl":{"start":{"line":7,"column":32},"end":{"line":7,"column":33}},"loc":{"start":{"line":7,"column":51},"end":{"line":10,"column":5}},"line":7},"2":{"name":"Authenticate","decl":{"start":{"line":15,"column":15},"end":{"line":15,"column":27}},"loc":{"start":{"line":15,"column":44},"end":{"line":34,"column":1}},"line":15},"3":{"name":"(anonymous_3)","decl":{"start":{"line":26,"column":18},"end":{"line":26,"column":19}},"loc":{"start":{"line":26,"column":31},"end":{"line":26,"column":56}},"line":26},"4":{"name":"(anonymous_4)","decl":{"start":{"line":27,"column":18},"end":{"line":27,"column":19}},"loc":{"start":{"line":27,"column":24},"end":{"line":29,"column":13}},"line":27},"5":{"name":"(anonymous_5)","decl":{"start":{"line":30,"column":19},"end":{"line":30,"column":20}},"loc":{"start":{"line":30,"column":25},"end":{"line":33,"column":13}},"line":30}},"branchMap":{"0":{"loc":{"start":{"line":7,"column":4},"end":{"line":10,"column":6}},"type":"binary-expr","locations":[{"start":{"line":7,"column":4},"end":{"line":7,"column":6}},{"start":{"line":7,"column":10},"end":{"line":10,"column":6}}],"line":7},"1":{"loc":{"start":{"line":17,"column":4},"end":{"line":21,"column":5}},"type":"if","locations":[{"start":{"line":17,"column":4},"end":{"line":21,"column":5}},{"start":{"line":17,"column":4},"end":{"line":21,"column":5}}],"line":17}},"s":{"0":2,"1":0,"2":0,"3":0,"4":0,"5":0,"6":0,"7":2,"8":0,"9":2,"10":2,"11":1,"12":1,"13":1,"14":1,"15":2},"f":{"0":0,"1":0,"2":2,"3":1,"4":1,"5":1},"b":{"0":[0,0],"1":[0,2]},"_coverageSchema":"43e27e138ebf9cfc5966b082cf9a028302ed4184","hash":"fd39383cc50d351baf8b729684ca857f8f8dbd5c"}
,"/home/ec2-user/environment/cosc6353/project/cosc6353-project/WebServer/managers/AccountManager.js": {"path":"/home/ec2-user/environment/cosc6353/project/cosc6353-project/WebServer/managers/AccountManager.js","statementMap":{"0":{"start":{"line":1,"column":13},"end":{"line":1,"column":51}},"1":{"start":{"line":3,"column":15},"end":{"line":3,"column":32}},"2":{"start":{"line":5,"column":20},"end":{"line":5,"column":95}},"3":{"start":{"line":9,"column":4},"end":{"line":9,"column":38}},"4":{"start":{"line":13,"column":4},"end":{"line":13,"column":32}},"5":{"start":{"line":14,"column":17},"end":{"line":14,"column":44}},"6":{"start":{"line":15,"column":4},"end":{"line":15,"column":38}},"7":{"start":{"line":16,"column":4},"end":{"line":16,"column":60}},"8":{"start":{"line":20,"column":17},"end":{"line":20,"column":44}},"9":{"start":{"line":21,"column":4},"end":{"line":21,"column":52}},"10":{"start":{"line":22,"column":4},"end":{"line":22,"column":49}},"11":{"start":{"line":27,"column":19},"end":{"line":27,"column":61}},"12":{"start":{"line":28,"column":20},"end":{"line":31,"column":6}},"13":{"start":{"line":32,"column":20},"end":{"line":32,"column":57}},"14":{"start":{"line":33,"column":4},"end":{"line":33,"column":37}},"15":{"start":{"line":34,"column":14},"end":{"line":34,"column":55}},"16":{"start":{"line":35,"column":4},"end":{"line":35,"column":30}},"17":{"start":{"line":39,"column":20},"end":{"line":39,"column":24}},"18":{"start":{"line":40,"column":4},"end":{"line":49,"column":5}},"19":{"start":{"line":41,"column":25},"end":{"line":41,"column":69}},"20":{"start":{"line":42,"column":24},"end":{"line":42,"column":95}},"21":{"start":{"line":44,"column":8},"end":{"line":44,"column":44}},"22":{"start":{"line":45,"column":8},"end":{"line":45,"column":42}},"23":{"start":{"line":46,"column":8},"end":{"line":46,"column":52}},"24":{"start":{"line":48,"column":8},"end":{"line":48,"column":47}},"25":{"start":{"line":52,"column":0},"end":{"line":52,"column":81}}},"fnMap":{"0":{"name":"GetAccount","decl":{"start":{"line":8,"column":9},"end":{"line":8,"column":19}},"loc":{"start":{"line":8,"column":30},"end":{"line":10,"column":1}},"line":8},"1":{"name":"CreateAccount","decl":{"start":{"line":12,"column":9},"end":{"line":12,"column":22}},"loc":{"start":{"line":12,"column":39},"end":{"line":17,"column":1}},"line":12},"2":{"name":"LogIn","decl":{"start":{"line":19,"column":9},"end":{"line":19,"column":14}},"loc":{"start":{"line":19,"column":31},"end":{"line":23,"column":1}},"line":19},"3":{"name":"CreateToken","decl":{"start":{"line":25,"column":9},"end":{"line":25,"column":20}},"loc":{"start":{"line":25,"column":31},"end":{"line":36,"column":1}},"line":25},"4":{"name":"ValidateToken","decl":{"start":{"line":38,"column":9},"end":{"line":38,"column":22}},"loc":{"start":{"line":38,"column":29},"end":{"line":50,"column":1}},"line":38}},"branchMap":{},"s":{"0":2,"1":2,"2":2,"3":1,"4":1,"5":1,"6":1,"7":1,"8":2,"9":2,"10":2,"11":1,"12":1,"13":1,"14":1,"15":1,"16":1,"17":3,"18":3,"19":3,"20":3,"21":1,"22":1,"23":1,"24":2,"25":2},"f":{"0":1,"1":1,"2":2,"3":1,"4":3},"b":{},"_coverageSchema":"43e27e138ebf9cfc5966b082cf9a028302ed4184","hash":"259cd9e21c8b5c389841af23729c55558e353f1a"}
,"/home/ec2-user/environment/cosc6353/project/cosc6353-project/WebServer/managers/QuoteManager.js": {"path":"/home/ec2-user/environment/cosc6353/project/cosc6353-project/WebServer/managers/QuoteManager.js","statementMap":{"0":{"start":{"line":2,"column":35},"end":{"line":2,"column":71}},"1":{"start":{"line":3,"column":25},"end":{"line":3,"column":51}},"2":{"start":{"line":8,"column":25},"end":{"line":8,"column":35}},"3":{"start":{"line":11,"column":4},"end":{"line":11,"column":61}},"4":{"start":{"line":12,"column":4},"end":{"line":12,"column":56}},"5":{"start":{"line":14,"column":26},"end":{"line":14,"column":66}},"6":{"start":{"line":16,"column":4},"end":{"line":16,"column":60}},"7":{"start":{"line":21,"column":18},"end":{"line":21,"column":61}},"8":{"start":{"line":23,"column":27},"end":{"line":23,"column":44}},"9":{"start":{"line":24,"column":4},"end":{"line":24,"column":42}},"10":{"start":{"line":26,"column":4},"end":{"line":26,"column":56}},"11":{"start":{"line":29,"column":0},"end":{"line":29,"column":50}}},"fnMap":{"0":{"name":"GetQuoteHistory","decl":{"start":{"line":5,"column":15},"end":{"line":5,"column":30}},"loc":{"start":{"line":5,"column":48},"end":{"line":17,"column":1}},"line":5},"1":{"name":"CreateQuote","decl":{"start":{"line":19,"column":15},"end":{"line":19,"column":26}},"loc":{"start":{"line":19,"column":51},"end":{"line":27,"column":1}},"line":19}},"branchMap":{"0":{"loc":{"start":{"line":11,"column":31},"end":{"line":11,"column":60}},"type":"binary-expr","locations":[{"start":{"line":11,"column":31},"end":{"line":11,"column":55}},{"start":{"line":11,"column":59},"end":{"line":11,"column":60}}],"line":11},"1":{"loc":{"start":{"line":12,"column":28},"end":{"line":12,"column":55}},"type":"binary-expr","locations":[{"start":{"line":12,"column":28},"end":{"line":12,"column":49}},{"start":{"line":12,"column":53},"end":{"line":12,"column":55}}],"line":12}},"s":{"0":1,"1":1,"2":2,"3":2,"4":2,"5":2,"6":2,"7":1,"8":1,"9":1,"10":1,"11":1},"f":{"0":2,"1":1},"b":{"0":[2,1],"1":[2,1]},"_coverageSchema":"43e27e138ebf9cfc5966b082cf9a028302ed4184","hash":"a28ce196830ded5b925bf85d3e408c8cf68ecd39"}
,"/home/ec2-user/environment/cosc6353/project/cosc6353-project/WebServer/repositories/AccountRepo.js": {"path":"/home/ec2-user/environment/cosc6353/project/cosc6353-project/WebServer/repositories/AccountRepo.js","statementMap":{"0":{"start":{"line":3,"column":17},"end":{"line":5,"column":1}},"1":{"start":{"line":7,"column":18},"end":{"line":9,"column":1}},"2":{"start":{"line":12,"column":4},"end":{"line":20,"column":5}},"3":{"start":{"line":13,"column":19},"end":{"line":13,"column":34}},"4":{"start":{"line":14,"column":24},"end":{"line":14,"column":43}},"5":{"start":{"line":15,"column":8},"end":{"line":15,"column":31}},"6":{"start":{"line":17,"column":8},"end":{"line":17,"column":40}},"7":{"start":{"line":19,"column":8},"end":{"line":19,"column":62}},"8":{"start":{"line":25,"column":26},"end":{"line":25,"column":50}},"9":{"start":{"line":26,"column":4},"end":{"line":26,"column":33}},"10":{"start":{"line":28,"column":4},"end":{"line":28,"column":42}},"11":{"start":{"line":33,"column":4},"end":{"line":37,"column":5}},"12":{"start":{"line":34,"column":8},"end":{"line":36,"column":9}},"13":{"start":{"line":35,"column":12},"end":{"line":35,"column":85}},"14":{"start":{"line":39,"column":18},"end":{"line":39,"column":91}},"15":{"start":{"line":40,"column":23},"end":{"line":45,"column":5}},"16":{"start":{"line":47,"column":4},"end":{"line":47,"column":28}},"17":{"start":{"line":48,"column":4},"end":{"line":48,"column":33}},"18":{"start":{"line":50,"column":27},"end":{"line":50,"column":42}},"19":{"start":{"line":51,"column":4},"end":{"line":51,"column":34}},"20":{"start":{"line":52,"column":4},"end":{"line":52,"column":43}},"21":{"start":{"line":56,"column":0},"end":{"line":56,"column":64}}},"fnMap":{"0":{"name":"Authenticate","decl":{"start":{"line":11,"column":9},"end":{"line":11,"column":21}},"loc":{"start":{"line":11,"column":27},"end":{"line":21,"column":1}},"line":11},"1":{"name":"GetAccount","decl":{"start":{"line":24,"column":9},"end":{"line":24,"column":19}},"loc":{"start":{"line":24,"column":30},"end":{"line":29,"column":1}},"line":24},"2":{"name":"CreateNewAccount","decl":{"start":{"line":31,"column":9},"end":{"line":31,"column":25}},"loc":{"start":{"line":31,"column":38},"end":{"line":53,"column":1}},"line":31}},"branchMap":{"0":{"loc":{"start":{"line":12,"column":4},"end":{"line":20,"column":5}},"type":"if","locations":[{"start":{"line":12,"column":4},"end":{"line":20,"column":5}},{"start":{"line":12,"column":4},"end":{"line":20,"column":5}}],"line":12},"1":{"loc":{"start":{"line":34,"column":8},"end":{"line":36,"column":9}},"type":"if","locations":[{"start":{"line":34,"column":8},"end":{"line":36,"column":9}},{"start":{"line":34,"column":8},"end":{"line":36,"column":9}}],"line":34}},"s":{"0":1,"1":1,"2":0,"3":0,"4":0,"5":0,"6":0,"7":0,"8":0,"9":0,"10":0,"11":0,"12":0,"13":0,"14":0,"15":0,"16":0,"17":0,"18":0,"19":0,"20":0,"21":1},"f":{"0":0,"1":0,"2":0},"b":{"0":[0,0],"1":[0,0]},"_coverageSchema":"43e27e138ebf9cfc5966b082cf9a028302ed4184","hash":"82031e5fc7024327f0bc603b8b88776ff7383802"}
,"/home/ec2-user/environment/cosc6353/project/cosc6353-project/WebServer/routes/Account.js": {"path":"/home/ec2-user/environment/cosc6353/project/cosc6353-project/WebServer/routes/Account.js","statementMap":{"0":{"start":{"line":1,"column":16},"end":{"line":1,"column":34}},"1":{"start":{"line":2,"column":15},"end":{"line":2,"column":31}},"2":{"start":{"line":3,"column":21},"end":{"line":3,"column":49}},"3":{"start":{"line":4,"column":24},"end":{"line":4,"column":58}},"4":{"start":{"line":5,"column":24},"end":{"line":5,"column":62}},"5":{"start":{"line":6,"column":57},"end":{"line":6,"column":94}},"6":{"start":{"line":9,"column":0},"end":{"line":20,"column":3}},"7":{"start":{"line":10,"column":20},"end":{"line":10,"column":33}},"8":{"start":{"line":12,"column":2},"end":{"line":19,"column":7}},"9":{"start":{"line":14,"column":6},"end":{"line":14,"column":24}},"10":{"start":{"line":17,"column":6},"end":{"line":17,"column":22}},"11":{"start":{"line":18,"column":6},"end":{"line":18,"column":29}},"12":{"start":{"line":23,"column":0},"end":{"line":44,"column":3}},"13":{"start":{"line":25,"column":24},"end":{"line":25,"column":58}},"14":{"start":{"line":27,"column":2},"end":{"line":31,"column":3}},"15":{"start":{"line":28,"column":4},"end":{"line":28,"column":20}},"16":{"start":{"line":29,"column":4},"end":{"line":29,"column":28}},"17":{"start":{"line":30,"column":4},"end":{"line":30,"column":11}},"18":{"start":{"line":33,"column":16},"end":{"line":33,"column":30}},"19":{"start":{"line":34,"column":19},"end":{"line":34,"column":36}},"20":{"start":{"line":36,"column":2},"end":{"line":43,"column":7}},"21":{"start":{"line":38,"column":6},"end":{"line":38,"column":27}},"22":{"start":{"line":41,"column":6},"end":{"line":41,"column":22}},"23":{"start":{"line":42,"column":6},"end":{"line":42,"column":29}},"24":{"start":{"line":47,"column":0},"end":{"line":64,"column":3}},"25":{"start":{"line":49,"column":16},"end":{"line":49,"column":30}},"26":{"start":{"line":50,"column":19},"end":{"line":50,"column":36}},"27":{"start":{"line":51,"column":2},"end":{"line":62,"column":7}},"28":{"start":{"line":52,"column":21},"end":{"line":52,"column":44}},"29":{"start":{"line":54,"column":8},"end":{"line":54,"column":78}},"30":{"start":{"line":55,"column":8},"end":{"line":55,"column":77}},"31":{"start":{"line":56,"column":8},"end":{"line":56,"column":21}},"32":{"start":{"line":59,"column":6},"end":{"line":59,"column":32}},"33":{"start":{"line":60,"column":6},"end":{"line":60,"column":22}},"34":{"start":{"line":61,"column":6},"end":{"line":61,"column":29}},"35":{"start":{"line":67,"column":0},"end":{"line":71,"column":3}},"36":{"start":{"line":68,"column":2},"end":{"line":68,"column":26}},"37":{"start":{"line":69,"column":2},"end":{"line":69,"column":28}},"38":{"start":{"line":70,"column":2},"end":{"line":70,"column":15}},"39":{"start":{"line":73,"column":0},"end":{"line":73,"column":24}}},"fnMap":{"0":{"name":"(anonymous_0)","decl":{"start":{"line":9,"column":30},"end":{"line":9,"column":31}},"loc":{"start":{"line":9,"column":49},"end":{"line":20,"column":1}},"line":9},"1":{"name":"(anonymous_1)","decl":{"start":{"line":13,"column":10},"end":{"line":13,"column":11}},"loc":{"start":{"line":13,"column":22},"end":{"line":15,"column":5}},"line":13},"2":{"name":"(anonymous_2)","decl":{"start":{"line":16,"column":11},"end":{"line":16,"column":12}},"loc":{"start":{"line":16,"column":25},"end":{"line":19,"column":5}},"line":16},"3":{"name":"(anonymous_3)","decl":{"start":{"line":23,"column":17},"end":{"line":23,"column":18}},"loc":{"start":{"line":23,"column":36},"end":{"line":44,"column":1}},"line":23},"4":{"name":"(anonymous_4)","decl":{"start":{"line":37,"column":10},"end":{"line":37,"column":11}},"loc":{"start":{"line":37,"column":25},"end":{"line":39,"column":5}},"line":37},"5":{"name":"(anonymous_5)","decl":{"start":{"line":40,"column":11},"end":{"line":40,"column":12}},"loc":{"start":{"line":40,"column":27},"end":{"line":43,"column":5}},"line":40},"6":{"name":"(anonymous_6)","decl":{"start":{"line":47,"column":22},"end":{"line":47,"column":23}},"loc":{"start":{"line":47,"column":41},"end":{"line":64,"column":1}},"line":47},"7":{"name":"(anonymous_7)","decl":{"start":{"line":52,"column":10},"end":{"line":52,"column":11}},"loc":{"start":{"line":52,"column":21},"end":{"line":52,"column":44}},"line":52},"8":{"name":"(anonymous_8)","decl":{"start":{"line":53,"column":10},"end":{"line":53,"column":11}},"loc":{"start":{"line":53,"column":18},"end":{"line":57,"column":7}},"line":53},"9":{"name":"(anonymous_9)","decl":{"start":{"line":58,"column":11},"end":{"line":58,"column":12}},"loc":{"start":{"line":58,"column":26},"end":{"line":62,"column":5}},"line":58},"10":{"name":"(anonymous_10)","decl":{"start":{"line":67,"column":24},"end":{"line":67,"column":25}},"loc":{"start":{"line":67,"column":43},"end":{"line":71,"column":1}},"line":67}},"branchMap":{"0":{"loc":{"start":{"line":27,"column":2},"end":{"line":31,"column":3}},"type":"if","locations":[{"start":{"line":27,"column":2},"end":{"line":31,"column":3}},{"start":{"line":27,"column":2},"end":{"line":31,"column":3}}],"line":27}},"s":{"0":1,"1":1,"2":1,"3":1,"4":1,"5":1,"6":1,"7":0,"8":0,"9":0,"10":0,"11":0,"12":1,"13":0,"14":0,"15":0,"16":0,"17":0,"18":0,"19":0,"20":0,"21":0,"22":0,"23":0,"24":1,"25":0,"26":0,"27":0,"28":0,"29":0,"30":0,"31":0,"32":0,"33":0,"34":0,"35":1,"36":0,"37":0,"38":0,"39":1},"f":{"0":0,"1":0,"2":0,"3":0,"4":0,"5":0,"6":0,"7":0,"8":0,"9":0,"10":0},"b":{"0":[0,0]},"_coverageSchema":"43e27e138ebf9cfc5966b082cf9a028302ed4184","hash":"dafd4a6d12e5b58719aefefa2ef7ef18b0b566be"}
}
