TN:
SF:/home/ec2-user/environment/cosc6353/project/cosc6353-project/WebServer/AuthMiddleware.js
FN:3,parseCookies
FN:7,(anonymous_1)
FN:15,Authenticate
FN:26,(anonymous_3)
FN:27,(anonymous_4)
FN:30,(anonymous_5)
FNF:6
FNH:4
FNDA:0,parseCookies
FNDA:0,(anonymous_1)
FNDA:2,Authenticate
FNDA:1,(anonymous_3)
FNDA:1,(anonymous_4)
FNDA:1,(anonymous_5)
DA:1,4
DA:4,0
DA:5,0
DA:7,0
DA:8,0
DA:9,0
DA:12,0
DA:17,2
DA:20,0
DA:23,2
DA:25,2
DA:26,1
DA:28,1
DA:31,1
DA:32,1
DA:36,4
LF:16
LH:9
BRDA:7,0,0,0
BRDA:7,0,1,0
BRDA:17,1,0,0
BRDA:17,1,1,2
BRF:4
BRH:1
end_of_record
TN:
SF:/home/ec2-user/environment/cosc6353/project/cosc6353-project/WebServer/db-config.js
FNF:0
FNH:0
DA:3,2
LF:1
LH:1
BRF:0
BRH:0
end_of_record
TN:
SF:/home/ec2-user/environment/cosc6353/project/cosc6353-project/WebServer/managers/AccountManager.js
FN:8,GetAccount
FN:12,CreateAccount
FN:19,LogIn
FN:25,CreateToken
FN:38,ValidateToken
FNF:5
FNH:5
FNDA:1,GetAccount
FNDA:1,CreateAccount
FNDA:2,LogIn
FNDA:1,CreateToken
FNDA:3,ValidateToken
DA:1,3
DA:3,3
DA:5,3
DA:9,1
DA:13,1
DA:14,1
DA:15,1
DA:16,1
DA:20,2
DA:21,2
DA:22,2
DA:27,1
DA:28,1
DA:32,1
DA:33,1
DA:34,1
DA:35,1
DA:39,3
DA:40,3
DA:41,3
DA:42,3
DA:44,1
DA:45,1
DA:46,1
DA:48,2
DA:52,3
LF:26
LH:26
BRF:0
BRH:0
end_of_record
TN:
SF:/home/ec2-user/environment/cosc6353/project/cosc6353-project/WebServer/managers/PricingModule.js
FN:20,PredictPrice
FNF:1
FNH:1
FNDA:18,PredictPrice
DA:1,1
DA:2,1
DA:3,1
DA:5,1
DA:6,1
DA:7,1
DA:8,1
DA:9,1
DA:11,1
DA:12,1
DA:14,1
DA:15,1
DA:16,1
DA:18,1
DA:22,18
DA:23,18
DA:25,18
DA:26,18
DA:27,18
DA:28,18
DA:29,18
DA:31,18
DA:34,1
LF:23
LH:23
BRDA:25,0,0,17
BRDA:25,0,1,1
BRDA:26,1,0,17
BRDA:26,1,1,1
BRDA:27,2,0,1
BRDA:27,2,1,17
BRDA:28,3,0,3
BRDA:28,3,1,15
BRF:8
BRH:8
end_of_record
TN:
SF:/home/ec2-user/environment/cosc6353/project/cosc6353-project/WebServer/managers/ProfileManager.js
FN:4,GetProfile
FN:8,CreateProfile
FNF:2
FNH:2
FNDA:1,GetProfile
FNDA:1,CreateProfile
DA:2,1
DA:5,1
DA:9,1
DA:12,1
LF:4
LH:4
BRF:0
BRH:0
end_of_record
TN:
SF:/home/ec2-user/environment/cosc6353/project/cosc6353-project/WebServer/managers/QuoteManager.js
FN:7,GetQuoteHistory
FN:19,CreateQuote
FNF:2
FNH:2
FNDA:2,GetQuoteHistory
FNDA:1,CreateQuote
DA:2,1
DA:3,1
DA:5,1
DA:10,2
DA:13,2
DA:14,2
DA:16,2
DA:21,1
DA:22,1
DA:24,1
DA:25,1
DA:27,1
DA:28,1
DA:30,1
DA:33,1
LF:15
LH:15
BRDA:13,0,0,2
BRDA:13,0,1,1
BRDA:14,1,0,2
BRDA:14,1,1,1
BRF:4
BRH:4
end_of_record
TN:
SF:/home/ec2-user/environment/cosc6353/project/cosc6353-project/WebServer/repositories/AccountRepo.js
FN:3,Authenticate
FN:6,(anonymous_1)
FN:15,GetAccount
FN:18,(anonymous_3)
FN:26,CreateNewAccount
FN:37,(anonymous_5)
FN:44,(anonymous_6)
FNF:7
FNH:7
FNDA:2,Authenticate
FNDA:2,(anonymous_1)
FNDA:2,GetAccount
FNDA:2,(anonymous_3)
FNDA:2,CreateNewAccount
FNDA:2,(anonymous_5)
FNDA:1,(anonymous_6)
DA:1,3
DA:5,2
DA:7,2
DA:8,1
DA:10,1
DA:17,2
DA:19,2
DA:20,1
DA:22,1
DA:28,2
DA:36,2
DA:38,2
DA:39,1
DA:41,1
DA:44,1
DA:48,3
LF:16
LH:16
BRDA:7,0,0,1
BRDA:7,0,1,1
BRDA:19,1,0,1
BRDA:19,1,1,1
BRDA:38,2,0,1
BRDA:38,2,1,1
BRF:6
BRH:6
end_of_record
TN:
SF:/home/ec2-user/environment/cosc6353/project/cosc6353-project/WebServer/repositories/ProfileRepo.js
FN:3,GetProfile
FN:6,(anonymous_1)
FN:14,UpdateProfile
FN:17,(anonymous_3)
FNF:4
FNH:4
FNDA:2,GetProfile
FNDA:2,(anonymous_1)
FNDA:1,UpdateProfile
FNDA:1,(anonymous_3)
DA:1,1
DA:5,2
DA:7,2
DA:8,1
DA:10,1
DA:16,1
DA:17,1
DA:20,1
LF:8
LH:8
BRDA:7,0,0,1
BRDA:7,0,1,1
BRDA:7,1,0,2
BRDA:7,1,1,2
BRF:4
BRH:4
end_of_record
TN:
SF:/home/ec2-user/environment/cosc6353/project/cosc6353-project/WebServer/repositories/QuoteRepo.js
FN:3,InsertQuote
FN:6,(anonymous_1)
FN:9,GetQuoteCount
FN:12,(anonymous_3)
FN:20,GetQuotes
FN:28,(anonymous_5)
FN:34,(anonymous_6)
FNF:7
FNH:7
FNDA:1,InsertQuote
FNDA:1,(anonymous_1)
FNDA:2,GetQuoteCount
FNDA:2,(anonymous_3)
FNDA:3,GetQuotes
FNDA:3,(anonymous_5)
FNDA:3,(anonymous_6)
DA:1,1
DA:4,1
DA:5,1
DA:6,1
DA:11,2
DA:13,2
DA:14,1
DA:16,1
DA:22,3
DA:23,3
DA:24,3
DA:25,3
DA:27,3
DA:29,3
DA:30,1
DA:33,2
DA:34,3
DA:36,1
DA:37,1
DA:38,1
DA:41,1
DA:46,1
LF:22
LH:22
BRDA:13,0,0,1
BRDA:13,0,1,1
BRDA:29,1,0,1
BRDA:29,1,1,2
BRDA:33,2,0,1
BRDA:33,2,1,1
BRDA:33,3,0,2
BRDA:33,3,1,2
BRF:8
BRH:8
end_of_record
TN:
SF:/home/ec2-user/environment/cosc6353/project/cosc6353-project/WebServer/repositories/dbHelper.js
FN:4,getUri
FN:14,FindOne
FN:17,(anonymous_2)
FN:19,(anonymous_3)
FN:29,(anonymous_4)
FN:43,Insert
FN:46,(anonymous_6)
FN:48,(anonymous_7)
FN:57,(anonymous_8)
FN:71,Update
FN:74,(anonymous_10)
FN:76,(anonymous_11)
FN:86,(anonymous_12)
FN:93,(anonymous_13)
FNF:14
FNH:14
FNDA:10,getUri
FNDA:3,FindOne
FNDA:3,(anonymous_2)
FNDA:4,(anonymous_3)
FNDA:2,(anonymous_4)
FNDA:3,Insert
FNDA:3,(anonymous_6)
FNDA:4,(anonymous_7)
FNDA:2,(anonymous_8)
FNDA:4,Update
FNDA:4,(anonymous_10)
FNDA:5,(anonymous_11)
FNDA:3,(anonymous_12)
FNDA:2,(anonymous_13)
DA:1,3
DA:2,3
DA:5,10
DA:6,10
DA:7,10
DA:10,10
DA:11,10
DA:15,3
DA:17,3
DA:19,3
DA:20,4
DA:21,1
DA:22,1
DA:23,1
DA:26,3
DA:28,3
DA:29,3
DA:30,2
DA:31,1
DA:32,1
DA:33,1
DA:35,1
DA:36,1
DA:44,3
DA:46,3
DA:48,3
DA:49,4
DA:50,1
DA:51,1
DA:52,1
DA:55,3
DA:56,3
DA:57,3
DA:58,2
DA:59,1
DA:60,1
DA:61,1
DA:63,1
DA:64,1
DA:72,4
DA:74,4
DA:76,4
DA:77,5
DA:78,1
DA:79,1
DA:80,1
DA:83,4
DA:84,4
DA:86,4
DA:87,3
DA:88,1
DA:89,1
DA:90,1
DA:93,2
DA:94,2
DA:95,1
DA:96,1
DA:97,1
DA:99,1
DA:100,1
DA:109,3
LF:61
LH:61
BRDA:20,0,0,1
BRDA:20,0,1,3
BRDA:29,1,0,3
BRDA:29,1,1,3
BRDA:30,2,0,1
BRDA:30,2,1,1
BRDA:49,3,0,1
BRDA:49,3,1,3
BRDA:58,4,0,1
BRDA:58,4,1,1
BRDA:77,5,0,1
BRDA:77,5,1,4
BRDA:87,6,0,1
BRDA:87,6,1,2
BRDA:94,7,0,1
BRDA:94,7,1,1
BRF:16
BRH:16
end_of_record
TN:
SF:/home/ec2-user/environment/cosc6353/project/cosc6353-project/WebServer/routes/Account.js
FN:9,(anonymous_0)
FN:13,(anonymous_1)
FN:16,(anonymous_2)
FN:23,(anonymous_3)
FN:37,(anonymous_4)
FN:40,(anonymous_5)
FN:47,(anonymous_6)
FN:52,(anonymous_7)
FN:53,(anonymous_8)
FN:58,(anonymous_9)
FN:66,(anonymous_10)
FNF:11
FNH:11
FNDA:2,(anonymous_0)
FNDA:1,(anonymous_1)
FNDA:1,(anonymous_2)
FNDA:3,(anonymous_3)
FNDA:1,(anonymous_4)
FNDA:1,(anonymous_5)
FNDA:2,(anonymous_6)
FNDA:1,(anonymous_7)
FNDA:1,(anonymous_8)
FNDA:1,(anonymous_9)
FNDA:1,(anonymous_10)
DA:1,1
DA:2,1
DA:3,1
DA:4,1
DA:5,1
DA:6,1
DA:9,1
DA:10,2
DA:12,2
DA:14,1
DA:17,1
DA:18,1
DA:23,1
DA:25,3
DA:27,3
DA:28,1
DA:29,1
DA:30,1
DA:33,2
DA:34,2
DA:36,2
DA:38,1
DA:41,1
DA:42,1
DA:47,1
DA:49,2
DA:50,2
DA:51,2
DA:52,1
DA:54,1
DA:55,1
DA:56,1
DA:59,1
DA:60,1
DA:66,1
DA:67,1
DA:68,1
DA:69,1
DA:72,1
LF:39
LH:39
BRDA:27,0,0,1
BRDA:27,0,1,2
BRF:2
BRH:2
end_of_record
TN:
SF:/home/ec2-user/environment/cosc6353/project/cosc6353-project/WebServer/routes/Profile.js
FN:12,(anonymous_0)
FN:17,(anonymous_1)
FN:18,(anonymous_2)
FN:25,(anonymous_3)
FN:38,(anonymous_4)
FN:39,(anonymous_5)
FNF:6
FNH:6
FNDA:2,(anonymous_0)
FNDA:1,(anonymous_1)
FNDA:1,(anonymous_2)
FNDA:3,(anonymous_3)
FNDA:1,(anonymous_4)
FNDA:1,(anonymous_5)
DA:1,1
DA:2,1
DA:4,1
DA:5,1
DA:7,1
DA:9,1
DA:12,1
DA:14,2
DA:16,2
DA:17,1
DA:19,1
DA:20,1
DA:25,1
DA:26,3
DA:28,3
DA:29,1
DA:30,1
DA:31,1
DA:34,2
DA:35,2
DA:37,2
DA:38,1
DA:40,1
DA:41,1
DA:46,1
LF:25
LH:25
BRDA:28,0,0,1
BRDA:28,0,1,2
BRF:2
BRH:2
end_of_record
TN:
SF:/home/ec2-user/environment/cosc6353/project/cosc6353-project/WebServer/routes/Quote.js
FN:12,(anonymous_0)
FN:18,(anonymous_1)
FN:19,(anonymous_2)
FN:25,(anonymous_3)
FN:39,(anonymous_4)
FN:40,(anonymous_5)
FN:47,(anonymous_6)
FN:61,(anonymous_7)
FN:62,(anonymous_8)
FNF:9
FNH:9
FNDA:2,(anonymous_0)
FNDA:1,(anonymous_1)
FNDA:1,(anonymous_2)
FNDA:3,(anonymous_3)
FNDA:1,(anonymous_4)
FNDA:1,(anonymous_5)
FNDA:3,(anonymous_6)
FNDA:1,(anonymous_7)
FNDA:1,(anonymous_8)
DA:1,1
DA:2,1
DA:4,1
DA:5,1
DA:7,1
DA:8,1
DA:9,1
DA:12,1
DA:14,2
DA:15,2
DA:17,2
DA:18,1
DA:20,1
DA:21,1
DA:25,1
DA:27,3
DA:29,3
DA:30,1
DA:31,1
DA:32,1
DA:35,2
DA:36,2
DA:38,2
DA:39,1
DA:41,1
DA:42,1
DA:47,1
DA:49,3
DA:51,3
DA:52,1
DA:53,1
DA:54,1
DA:57,2
DA:58,2
DA:60,2
DA:61,1
DA:63,1
DA:64,1
DA:68,1
LF:39
LH:39
BRDA:29,0,0,1
BRDA:29,0,1,2
BRDA:51,1,0,1
BRDA:51,1,1,2
BRF:4
BRH:4
end_of_record
