TN:
SF:/home/ec2-user/environment/cosc6353/project/cosc6353-project/WebServer/AuthMiddleware.js
FN:3,Authenticate
FN:8,(anonymous_1)
FN:10,(anonymous_2)
FN:15,(anonymous_3)
FNF:4
FNH:4
FNDA:2,Authenticate
FNDA:1,(anonymous_1)
FNDA:1,(anonymous_2)
FNDA:1,(anonymous_3)
DA:1,2
DA:5,2
DA:7,2
DA:8,1
DA:11,1
DA:12,1
DA:13,1
DA:16,1
DA:17,1
DA:21,2
LF:10
LH:10
BRF:0
BRH:0
end_of_record
TN:
SF:/home/ec2-user/environment/cosc6353/project/cosc6353-project/WebServer/managers/AccountManager.js
FN:8,GetAccount
FN:12,CreateAccount
FN:19,LogIn
FN:25,CreateToken
FN:38,ValidateToken
FNF:5
FNH:5
FNDA:1,GetAccount
FNDA:1,CreateAccount
FNDA:2,LogIn
FNDA:1,CreateToken
FNDA:3,ValidateToken
DA:1,2
DA:3,2
DA:5,2
DA:9,1
DA:13,1
DA:14,1
DA:15,1
DA:16,1
DA:20,2
DA:21,2
DA:22,2
DA:27,1
DA:28,1
DA:32,1
DA:33,1
DA:35,1
DA:39,3
DA:40,3
DA:41,3
DA:42,3
DA:44,1
DA:45,1
DA:46,1
DA:48,2
DA:52,2
LF:25
LH:25
BRF:0
BRH:0
end_of_record
TN:
SF:/home/ec2-user/environment/cosc6353/project/cosc6353-project/WebServer/managers/QuoteManager.js
FN:5,GetQuoteHistory
FN:19,CreateQuote
FNF:2
FNH:2
FNDA:2,GetQuoteHistory
FNDA:1,CreateQuote
DA:2,1
DA:3,1
DA:8,2
DA:11,2
DA:12,2
DA:14,2
DA:16,2
DA:21,1
DA:23,1
DA:24,1
DA:26,1
DA:29,1
LF:12
LH:12
BRDA:11,0,0,2
BRDA:11,0,1,1
BRDA:12,1,0,2
BRDA:12,1,1,1
BRF:4
BRH:4
end_of_record
TN:
SF:/home/ec2-user/environment/cosc6353/project/cosc6353-project/WebServer/repositories/AccountRepo.js
FN:11,Authenticate
FN:24,GetAccount
FN:31,CreateNewAccount
FNF:3
FNH:0
FNDA:0,Authenticate
FNDA:0,GetAccount
FNDA:0,CreateNewAccount
DA:3,1
DA:7,1
DA:12,0
DA:13,0
DA:14,0
DA:15,0
DA:17,0
DA:19,0
DA:25,0
DA:26,0
DA:28,0
DA:33,0
DA:34,0
DA:35,0
DA:39,0
DA:40,0
DA:47,0
DA:48,0
DA:50,0
DA:51,0
DA:52,0
DA:56,1
LF:22
LH:3
BRDA:12,0,0,0
BRDA:12,0,1,0
BRDA:34,1,0,0
BRDA:34,1,1,0
BRF:4
BRH:0
end_of_record
TN:
SF:/home/ec2-user/environment/cosc6353/project/cosc6353-project/WebServer/routes/Account.js
FN:9,(anonymous_0)
FN:13,(anonymous_1)
FN:16,(anonymous_2)
FN:23,(anonymous_3)
FN:37,(anonymous_4)
FN:40,(anonymous_5)
FN:47,(anonymous_6)
FN:52,(anonymous_7)
FN:53,(anonymous_8)
FN:57,(anonymous_9)
FN:66,(anonymous_10)
FNF:11
FNH:0
FNDA:0,(anonymous_0)
FNDA:0,(anonymous_1)
FNDA:0,(anonymous_2)
FNDA:0,(anonymous_3)
FNDA:0,(anonymous_4)
FNDA:0,(anonymous_5)
FNDA:0,(anonymous_6)
FNDA:0,(anonymous_7)
FNDA:0,(anonymous_8)
FNDA:0,(anonymous_9)
FNDA:0,(anonymous_10)
DA:1,1
DA:2,1
DA:3,1
DA:4,1
DA:5,1
DA:6,1
DA:9,1
DA:10,0
DA:12,0
DA:14,0
DA:17,0
DA:18,0
DA:23,1
DA:25,0
DA:27,0
DA:28,0
DA:29,0
DA:30,0
DA:33,0
DA:34,0
DA:36,0
DA:38,0
DA:41,0
DA:42,0
DA:47,1
DA:49,0
DA:50,0
DA:51,0
DA:52,0
DA:54,0
DA:55,0
DA:58,0
DA:59,0
DA:60,0
DA:66,1
DA:67,0
DA:68,0
DA:71,1
LF:38
LH:11
BRDA:27,0,0,0
BRDA:27,0,1,0
BRF:2
BRH:0
end_of_record
